<?xml version="1.0" encoding="UTF-8"?>
<!-- Generated by org.testng.reporters.JUnitReportReporter -->
<testsuite hostname="LAPTOP-G7KQ4BVC" name="utilities.DateUtility" tests="1" failures="0" timestamp="29 May 2022 17:02:11 GMT" time="0.265" errors="0">
  <testcase name="testCase" time="0.265" classname="utilities.DateUtility"/>
</testsuite> <!-- utilities.DateUtility -->
