<?xml version="1.0" encoding="UTF-8" standalone="no"?>
<testsuite errors="0" failures="0" name="io.cucumber.core.plugin.JUnitFormatter" skipped="0" tests="1" time="85.96">
<testcase classname="Flipkart Search Functionality Feature" name="ActiTime Login Test Case" time="84.718">
<system-out><![CDATA[Given User is on the login page.............................................passed
When User enters username and password......................................passed
And User clicks on login button.............................................passed
Then My Account label is displayed..........................................passed
When Enter search text as "samsung m32".....................................passed
And Clicks on Search button.................................................passed
Then Search should display the result for "SAMSUNG M32 5G (Sky blue, 128 GB)".passed
]]></system-out>
</testcase>
</testsuite>
